<?xml version="1.0" encoding="UTF-8"?>
<!-- Generated by org.testng.reporters.JUnitXMLReporter -->
<testsuite ignored="0" hostname="Garimas-MacBook-Air.local" failures="0" tests="2" name="/Users/garimaraha/IdeaProjects/SeleniumCucumberFramework" time="4.367" errors="0" timestamp="2024-06-18T00:21:13 IST">
  <testcase classname="io.cucumber.testng.AbstractTestNGCucumberTests" name="runScenario" time="3.849"/>
  <testcase classname="io.cucumber.testng.AbstractTestNGCucumberTests" name="runScenario" time="3.898"/>
</testsuite> <!-- /Users/garimaraha/IdeaProjects/SeleniumCucumberFramework -->
